2026-03-18 21:28:35,683 [INFO] Starting incremental update from 299 new result files.
2026-03-18 21:28:35,683 [INFO] Processing 260313_105725_Q.json
2026-03-18 21:28:35,689 [INFO] Processing 260313_110741_Q.json
2026-03-18 21:28:35,695 [INFO] Processing 260313_114000_R.json
2026-03-18 21:28:35,701 [INFO] Processing 260313_114025_Q.json
2026-03-18 21:28:35,705 [INFO] Processing 260313_120304_R.json
2026-03-18 21:28:35,712 [INFO] Processing 260313_121322_Q.json
2026-03-18 21:28:35,716 [INFO] Processing 260313_123812_R.json
2026-03-18 21:28:35,722 [INFO] Processing 260313_124831_Q.json
2026-03-18 21:28:35,727 [INFO] Processing 260313_131341_R.json
2026-03-18 21:28:35,733 [INFO] Processing 260313_132515_Q.json
2026-03-18 21:28:35,740 [INFO] Processing 260313_135145_R.json
2026-03-18 21:28:35,746 [INFO] Processing 260313_140203_Q.json
2026-03-18 21:28:35,752 [INFO] Processing 260313_142639_R.json
2026-03-18 21:28:35,759 [INFO] Processing 260313_143844_Q.json
2026-03-18 21:28:35,765 [INFO] Processing 260313_150224_R.json
2026-03-18 21:28:35,772 [INFO] Processing 260313_151410_Q.json
2026-03-18 21:28:35,775 [INFO] Processing 260313_153847_R.json
2026-03-18 21:28:35,782 [INFO] Processing 260313_155916_Q.json
2026-03-18 21:28:35,784 [INFO] Processing 260313_185903_Q.json
2026-03-18 21:28:35,786 [INFO] Processing 260313_190157_Q.json
2026-03-18 21:28:35,788 [INFO] Processing 260313_190249_Q.json
2026-03-18 21:28:35,790 [INFO] Processing 260313_192503_Q.json
2026-03-18 21:28:35,791 [INFO] Processing 260313_195704_Q.json
2026-03-18 21:28:35,797 [INFO] Processing 260313_202054_R.json
2026-03-18 21:28:35,805 [INFO] Processing 260313_203312_Q.json
2026-03-18 21:28:35,812 [INFO] Processing 260313_210056_R.json
2026-03-18 21:28:35,824 [INFO] Processing 260313_211149_Q.json
2026-03-18 21:28:35,830 [INFO] Processing 260313_213617_R.json
2026-03-18 21:28:35,840 [INFO] Processing 260313_214758_Q.json
2026-03-18 21:28:35,846 [INFO] Processing 260313_221410_R.json
2026-03-18 21:28:35,857 [INFO] Processing 260313_222608_Q.json
2026-03-18 21:28:35,866 [INFO] Processing 260313_225200_R.json
2026-03-18 21:28:35,876 [INFO] Processing 260313_230403_Q.json
2026-03-18 21:28:35,884 [INFO] Processing 260313_232957_R.json
2026-03-18 21:28:35,895 [INFO] Processing 260313_234028_Q.json
2026-03-18 21:28:35,902 [INFO] Processing 260314_000453_R.json
2026-03-18 21:28:35,912 [INFO] Processing 260314_001712_Q.json
2026-03-18 21:28:35,919 [INFO] Processing 260314_004320_R.json
2026-03-18 21:28:35,929 [INFO] Processing 260314_005516_Q.json
2026-03-18 21:28:35,937 [INFO] Processing 260314_012124_R.json
2026-03-18 21:28:35,947 [INFO] Processing 260314_013243_Q.json
2026-03-18 21:28:35,954 [INFO] Processing 260314_015710_R.json
2026-03-18 21:28:35,962 [INFO] Processing 260314_020747_Q.json
2026-03-18 21:28:35,968 [INFO] Processing 260314_023106_R.json
2026-03-18 21:28:35,975 [INFO] Processing 260314_024124_Q.json
2026-03-18 21:28:35,980 [INFO] Processing 260314_025213_Q.json
2026-03-18 21:28:35,986 [INFO] Processing 260314_040502_Q.json
2026-03-18 21:28:35,991 [INFO] Processing 260314_040516_Q.json
2026-03-18 21:28:35,996 [INFO] Processing 260314_071026_Q.json
2026-03-18 21:28:35,999 [INFO] Processing 260314_092454_Q.json
2026-03-18 21:28:36,003 [INFO] Processing 260314_093040_Q.json
2026-03-18 21:28:36,007 [INFO] Processing 260314_094101_Q.json
2026-03-18 21:28:36,012 [INFO] Processing 260314_100353_R.json
2026-03-18 21:28:36,018 [INFO] Processing 260314_100832_Q.json
2026-03-18 21:28:36,024 [INFO] Processing 260314_104230_Q.json
2026-03-18 21:28:36,028 [INFO] Processing 260314_105324_Q.json
2026-03-18 21:28:36,033 [INFO] Processing 260314_111850_R.json
2026-03-18 21:28:36,039 [INFO] Processing 260314_112908_Q.json
2026-03-18 21:28:36,044 [INFO] Processing 260314_115139_R.json
2026-03-18 21:28:36,049 [INFO] Processing 260314_120339_Q.json
2026-03-18 21:28:36,055 [INFO] Processing 260314_122739_R.json
2026-03-18 21:28:36,062 [INFO] Processing 260314_123958_Q.json
2026-03-18 21:28:36,068 [INFO] Processing 260314_130425_R.json
2026-03-18 21:28:36,076 [INFO] Processing 260314_131611_Q.json
2026-03-18 21:28:36,085 [INFO] Processing 260314_134043_R.json
2026-03-18 21:28:36,096 [INFO] Processing 260314_135254_Q.json
2026-03-18 21:28:36,103 [INFO] Processing 260314_141730_R.json
2026-03-18 21:28:36,114 [INFO] Processing 260314_142933_Q.json
2026-03-18 21:28:36,122 [INFO] Processing 260314_145510_R.json
2026-03-18 21:28:36,133 [INFO] Processing 260314_150726_Q.json
2026-03-18 21:28:36,141 [INFO] Processing 260314_153341_R.json
2026-03-18 21:28:36,152 [INFO] Processing 260314_154544_Q.json
2026-03-18 21:28:36,160 [INFO] Processing 260314_161008_R.json
2026-03-18 21:28:36,170 [INFO] Processing 260314_162213_Q.json
2026-03-18 21:28:36,179 [INFO] Processing 260314_164636_R.json
2026-03-18 21:28:36,189 [INFO] Processing 260314_165842_Q.json
2026-03-18 21:28:36,197 [INFO] Processing 260314_172313_R.json
2026-03-18 21:28:36,207 [INFO] Processing 260314_173531_Q.json
2026-03-18 21:28:36,215 [INFO] Processing 260314_175958_R.json
2026-03-18 21:28:36,225 [INFO] Processing 260314_181137_Q.json
2026-03-18 21:28:36,233 [INFO] Processing 260314_183749_R.json
2026-03-18 21:28:36,244 [INFO] Processing 260314_184938_Q.json
2026-03-18 21:28:36,252 [INFO] Processing 260314_191544_R.json
2026-03-18 21:28:36,264 [INFO] Processing 260314_192754_Q.json
2026-03-18 21:28:36,273 [INFO] Processing 260314_195349_R.json
2026-03-18 21:28:36,283 [INFO] Processing 260314_200541_Q.json
2026-03-18 21:28:36,292 [INFO] Processing 260314_203008_R.json
2026-03-18 21:28:36,304 [INFO] Processing 260314_204211_Q.json
2026-03-18 21:28:36,312 [INFO] Processing 260314_210817_R.json
2026-03-18 21:28:36,324 [INFO] Processing 260314_212021_Q.json
2026-03-18 21:28:36,332 [INFO] Processing 260314_214615_R.json
2026-03-18 21:28:36,344 [INFO] Processing 260314_215833_Q.json
2026-03-18 21:28:36,353 [INFO] Processing 260314_222434_R.json
2026-03-18 21:28:36,365 [INFO] Processing 260314_223626_Q.json
2026-03-18 21:28:36,373 [INFO] Processing 260314_230059_R.json
2026-03-18 21:28:36,383 [INFO] Processing 260314_231317_Q.json
2026-03-18 21:28:36,391 [INFO] Processing 260314_233749_R.json
2026-03-18 21:28:36,402 [INFO] Processing 260314_235007_Q.json
2026-03-18 21:28:36,410 [INFO] Processing 260315_001609_R.json
2026-03-18 21:28:36,416 [INFO] Processing 260315_002800_Q.json
2026-03-18 21:28:36,418 [INFO] Processing 260315_005147_R.json
2026-03-18 21:28:36,425 [INFO] Processing 260315_010320_Q.json
2026-03-18 21:28:36,431 [INFO] Processing 260315_012730_R.json
2026-03-18 21:28:36,438 [INFO] Processing 260315_013948_Q.json
2026-03-18 21:28:36,444 [INFO] Processing 260315_020353_R.json
2026-03-18 21:28:36,451 [INFO] Processing 260315_021540_Q.json
2026-03-18 21:28:36,457 [INFO] Processing 260315_023802_R.json
2026-03-18 21:28:36,463 [INFO] Processing 260315_024820_Q.json
2026-03-18 21:28:36,468 [INFO] Processing 260315_031403_Q.json
2026-03-18 21:28:36,473 [INFO] Processing 260315_071714_Q.json
2026-03-18 21:28:36,478 [INFO] Processing 260315_073948_R.json
2026-03-18 21:28:36,482 [INFO] Processing 260315_075038_Q.json
2026-03-18 21:28:36,488 [INFO] Processing 260315_081325_R.json
2026-03-18 21:28:36,495 [INFO] Processing 260315_082534_Q.json
2026-03-18 21:28:36,501 [INFO] Processing 260315_085004_R.json
2026-03-18 21:28:36,507 [INFO] Processing 260315_090104_Q.json
2026-03-18 21:28:36,512 [INFO] Processing 260315_092419_R.json
2026-03-18 21:28:36,518 [INFO] Processing 260315_093529_Q.json
2026-03-18 21:28:36,523 [INFO] Processing 260315_095901_R.json
2026-03-18 21:28:36,529 [INFO] Processing 260315_100920_Q.json
2026-03-18 21:28:36,534 [INFO] Processing 260315_103233_R.json
2026-03-18 21:28:36,540 [INFO] Processing 260315_103327_Q.json
2026-03-18 21:28:36,544 [INFO] Processing 260315_110108_Q.json
2026-03-18 21:28:36,548 [INFO] Processing 260315_113805_Q.json
2026-03-18 21:28:36,549 [INFO] Processing 260315_123533_Q.json
2026-03-18 21:28:36,555 [INFO] Processing 260315_123814_Q.json
2026-03-18 21:28:36,557 [INFO] Processing 260315_125013_Q.json
2026-03-18 21:28:36,564 [INFO] Processing 260315_131406_R.json
2026-03-18 21:28:36,573 [INFO] Processing 260315_132617_Q.json
2026-03-18 21:28:36,581 [INFO] Processing 260315_135215_R.json
2026-03-18 21:28:36,591 [INFO] Processing 260315_140434_Q.json
2026-03-18 21:28:36,599 [INFO] Processing 260315_143044_R.json
2026-03-18 21:28:36,610 [INFO] Processing 260315_144242_Q.json
2026-03-18 21:28:36,618 [INFO] Processing 260315_150840_R.json
2026-03-18 21:28:36,628 [INFO] Processing 260315_152042_Q.json
2026-03-18 21:28:36,636 [INFO] Processing 260315_154507_R.json
2026-03-18 21:28:36,646 [INFO] Processing 260315_155657_Q.json
2026-03-18 21:28:36,654 [INFO] Processing 260315_162155_R.json
2026-03-18 21:28:36,664 [INFO] Processing 260315_163413_Q.json
2026-03-18 21:28:36,672 [INFO] Processing 260315_165835_R.json
2026-03-18 21:28:36,684 [INFO] Processing 260315_171024_Q.json
2026-03-18 21:28:36,692 [INFO] Processing 260315_173449_R.json
2026-03-18 21:28:36,702 [INFO] Processing 260315_174651_Q.json
2026-03-18 21:28:36,710 [INFO] Processing 260315_181115_R.json
2026-03-18 21:28:36,721 [INFO] Processing 260315_182300_Q.json
2026-03-18 21:28:36,728 [INFO] Processing 260315_184744_R.json
2026-03-18 21:28:36,739 [INFO] Processing 260315_190002_Q.json
2026-03-18 21:28:36,746 [INFO] Processing 260315_192602_R.json
2026-03-18 21:28:36,757 [INFO] Processing 260315_193748_Q.json
2026-03-18 21:28:36,765 [INFO] Processing 260315_200214_R.json
2026-03-18 21:28:36,776 [INFO] Processing 260315_201403_Q.json
2026-03-18 21:28:36,783 [INFO] Processing 260315_203827_R.json
2026-03-18 21:28:36,794 [INFO] Processing 260315_205044_Q.json
2026-03-18 21:28:36,802 [INFO] Processing 260315_211516_R.json
2026-03-18 21:28:36,813 [INFO] Processing 260315_212718_Q.json
2026-03-18 21:28:36,821 [INFO] Processing 260315_215143_R.json
2026-03-18 21:28:36,832 [INFO] Processing 260315_220358_Q.json
2026-03-18 21:28:36,840 [INFO] Processing 260315_222825_R.json
2026-03-18 21:28:36,851 [INFO] Processing 260315_224000_Q.json
2026-03-18 21:28:36,859 [INFO] Processing 260315_230844_R.json
2026-03-18 21:28:36,870 [INFO] Processing 260315_231025_Q.json
2026-03-18 21:28:36,873 [INFO] Processing 260315_232149_Q.json
2026-03-18 21:28:36,879 [INFO] Processing 260315_234616_R.json
2026-03-18 21:28:36,887 [INFO] Processing 260315_235734_Q.json
2026-03-18 21:28:36,893 [INFO] Processing 260316_002205_R.json
2026-03-18 21:28:36,901 [INFO] Processing 260316_003223_Q.json
2026-03-18 21:28:36,906 [INFO] Processing 260316_005841_Q.json
2026-03-18 21:28:36,911 [INFO] Processing 260316_084442_Q.json
2026-03-18 21:28:36,914 [INFO] Processing 260316_085225_Q.json
2026-03-18 21:28:36,918 [INFO] Processing 260316_090729_Q.json
2026-03-18 21:28:36,922 [INFO] Processing 260316_095007_Q.json
2026-03-18 21:28:36,926 [INFO] Processing 260316_095232_Q.json
2026-03-18 21:28:36,930 [INFO] Processing 260316_095442_Q.json
2026-03-18 21:28:36,934 [INFO] Processing 260316_100737_Q.json
2026-03-18 21:28:36,939 [INFO] Processing 260316_101031_Q.json
2026-03-18 21:28:36,943 [INFO] Processing 260316_101152_Q.json
2026-03-18 21:28:36,947 [INFO] Processing 260316_101502_Q.json
2026-03-18 21:28:36,951 [INFO] Processing 260316_101530_Q.json
2026-03-18 21:28:36,955 [INFO] Processing 260316_101811_Q.json
2026-03-18 21:28:36,960 [INFO] Processing 260316_143405_Q.json
2026-03-18 21:28:36,964 [INFO] Processing 260316_143445_Q.json
2026-03-18 21:28:36,968 [INFO] Processing 260316_143636_Q.json
2026-03-18 21:28:36,972 [INFO] Processing 260316_150014_R.json
2026-03-18 21:28:36,977 [INFO] Processing 260316_151145_Q.json
2026-03-18 21:28:36,984 [INFO] Processing 260316_153628_R.json
2026-03-18 21:28:36,993 [INFO] Processing 260316_154824_Q.json
2026-03-18 21:28:37,000 [INFO] Processing 260316_161816_R.json
2026-03-18 21:28:37,011 [INFO] Processing 260316_162947_Q.json
2026-03-18 21:28:37,018 [INFO] Processing 260316_165738_R.json
2026-03-18 21:28:37,029 [INFO] Processing 260316_170923_Q.json
2026-03-18 21:28:37,037 [INFO] Processing 260316_173838_R.json
2026-03-18 21:28:37,078 [INFO] Processing 260316_175032_Q.json
2026-03-18 21:28:37,091 [INFO] Processing 260316_181639_R.json
2026-03-18 21:28:37,101 [INFO] Processing 260316_182844_Q.json
2026-03-18 21:28:37,109 [INFO] Processing 260316_185454_R.json
2026-03-18 21:28:37,120 [INFO] Processing 260316_190641_Q.json
2026-03-18 21:28:37,127 [INFO] Processing 260316_193135_R.json
2026-03-18 21:28:37,137 [INFO] Processing 260316_194327_Q.json
2026-03-18 21:28:37,146 [INFO] Processing 260316_200924_R.json
2026-03-18 21:28:37,157 [INFO] Processing 260316_202132_Q.json
2026-03-18 21:28:37,165 [INFO] Processing 260316_204556_R.json
2026-03-18 21:28:37,175 [INFO] Processing 260316_205808_Q.json
2026-03-18 21:28:37,184 [INFO] Processing 260316_212416_R.json
2026-03-18 21:28:37,194 [INFO] Processing 260316_213620_Q.json
2026-03-18 21:28:37,201 [INFO] Processing 260316_220228_R.json
2026-03-18 21:28:37,214 [INFO] Processing 260316_221352_Q.json
2026-03-18 21:28:37,222 [INFO] Processing 260316_223822_R.json
2026-03-18 21:28:37,233 [INFO] Processing 260316_224956_Q.json
2026-03-18 21:28:37,241 [INFO] Processing 260316_231732_R.json
2026-03-18 21:28:37,250 [INFO] Processing 260316_232928_Q.json
2026-03-18 21:28:37,258 [INFO] Processing 260316_235533_R.json
2026-03-18 21:28:37,267 [INFO] Processing 260317_000715_Q.json
2026-03-18 21:28:37,275 [INFO] Processing 260317_003305_R.json
2026-03-18 21:28:37,286 [INFO] Processing 260317_004523_Q.json
2026-03-18 21:28:37,293 [INFO] Processing 260317_010950_R.json
2026-03-18 21:28:37,303 [INFO] Processing 260317_012009_Q.json
2026-03-18 21:28:37,308 [INFO] Processing 260317_014313_R.json
2026-03-18 21:28:37,314 [INFO] Processing 260317_014346_Q.json
2026-03-18 21:28:37,318 [INFO] Processing 260317_130229_Q.json
2026-03-18 21:28:37,324 [INFO] Processing 260317_131238_Q.json
2026-03-18 21:28:37,329 [INFO] Processing 260317_133541_R.json
2026-03-18 21:28:37,336 [INFO] Processing 260317_134744_Q.json
2026-03-18 21:28:37,340 [INFO] Processing 260317_141045_R.json
2026-03-18 21:28:37,346 [INFO] Processing 260317_142103_Q.json
2026-03-18 21:28:37,351 [INFO] Processing 260317_142143_Q.json
2026-03-18 21:28:37,356 [INFO] Processing 260317_143755_Q.json
2026-03-18 21:28:37,362 [INFO] Processing 260317_150244_R.json
2026-03-18 21:28:37,371 [INFO] Processing 260317_151423_Q.json
2026-03-18 21:28:37,378 [INFO] Processing 260317_153856_R.json
2026-03-18 21:28:37,386 [INFO] Processing 260317_155059_Q.json
2026-03-18 21:28:37,393 [INFO] Processing 260317_161536_R.json
2026-03-18 21:28:37,403 [INFO] Processing 260317_162754_Q.json
2026-03-18 21:28:37,410 [INFO] Processing 260317_165217_R.json
2026-03-18 21:28:37,420 [INFO] Processing 260317_170420_Q.json
2026-03-18 21:28:37,428 [INFO] Processing 260317_172848_R.json
2026-03-18 21:28:37,437 [INFO] Processing 260317_174041_Q.json
2026-03-18 21:28:37,445 [INFO] Processing 260317_180510_R.json
2026-03-18 21:28:37,455 [INFO] Processing 260317_181714_Q.json
2026-03-18 21:28:37,463 [INFO] Processing 260317_184140_R.json
2026-03-18 21:28:37,474 [INFO] Processing 260317_185358_Q.json
2026-03-18 21:28:37,481 [INFO] Processing 260317_191836_R.json
2026-03-18 21:28:37,493 [INFO] Processing 260317_193033_Q.json
2026-03-18 21:28:37,502 [INFO] Processing 260317_195634_R.json
2026-03-18 21:28:37,512 [INFO] Processing 260317_200835_Q.json
2026-03-18 21:28:37,521 [INFO] Processing 260317_203430_R.json
2026-03-18 21:28:37,532 [INFO] Processing 260317_204603_Q.json
2026-03-18 21:28:37,540 [INFO] Processing 260317_211029_R.json
2026-03-18 21:28:37,551 [INFO] Processing 260317_212243_Q.json
2026-03-18 21:28:37,559 [INFO] Processing 260317_214710_R.json
2026-03-18 21:28:37,568 [INFO] Processing 260317_215907_Q.json
2026-03-18 21:28:37,576 [INFO] Processing 260317_222345_R.json
2026-03-18 21:28:37,586 [INFO] Processing 260317_223550_Q.json
2026-03-18 21:28:37,594 [INFO] Processing 260317_230010_R.json
2026-03-18 21:28:37,605 [INFO] Processing 260317_231125_Q.json
2026-03-18 21:28:37,613 [INFO] Processing 260317_233834_R.json
2026-03-18 21:28:37,624 [INFO] Processing 260317_235025_Q.json
2026-03-18 21:28:37,632 [INFO] Processing 260318_001629_R.json
2026-03-18 21:28:37,643 [INFO] Processing 260318_002847_Q.json
2026-03-18 21:28:37,651 [INFO] Processing 260318_005249_R.json
2026-03-18 21:28:37,660 [INFO] Processing 260318_010442_Q.json
2026-03-18 21:28:37,667 [INFO] Processing 260318_012913_R.json
2026-03-18 21:28:37,677 [INFO] Processing 260318_014037_Q.json
2026-03-18 21:28:37,685 [INFO] Processing 260318_020506_R.json
2026-03-18 21:28:37,694 [INFO] Processing 260318_021720_Q.json
2026-03-18 21:28:37,701 [INFO] Processing 260318_024148_R.json
2026-03-18 21:28:37,710 [INFO] Processing 260318_025330_Q.json
2026-03-18 21:28:37,715 [INFO] Processing 260318_031642_R.json
2026-03-18 21:28:37,723 [INFO] Processing 260318_032336_Q.json
2026-03-18 21:28:37,728 [INFO] Processing 260318_095101_Q.json
2026-03-18 21:28:37,732 [INFO] Processing 260318_110456_Q.json
2026-03-18 21:28:37,736 [INFO] Processing 260318_110531_Q.json
2026-03-18 21:28:37,741 [INFO] Processing 260318_111600_Q.json
2026-03-18 21:28:37,745 [INFO] Processing 260318_113823_R.json
2026-03-18 21:28:37,750 [INFO] Processing 260318_113941_Q.json
2026-03-18 21:28:37,754 [INFO] Processing 260318_114622_Q.json
2026-03-18 21:28:37,758 [INFO] Processing 260318_150935_Q.json
2026-03-18 21:28:37,763 [INFO] Processing 260318_153409_R.json
2026-03-18 21:28:37,769 [INFO] Processing 260318_153509_Q.json
2026-03-18 21:28:37,773 [INFO] Processing 260318_154411_Q.json
2026-03-18 21:28:37,777 [INFO] Processing 260318_155501_Q.json
2026-03-18 21:28:37,782 [INFO] Processing 260318_161814_R.json
2026-03-18 21:28:37,788 [INFO] Processing 260318_162930_Q.json
2026-03-18 21:28:37,793 [INFO] Processing 260318_165236_R.json
2026-03-18 21:28:37,799 [INFO] Processing 260318_170254_Q.json
2026-03-18 21:28:37,804 [INFO] Processing 260318_170555_Q.json
2026-03-18 21:28:37,809 [INFO] Processing 260318_172028_Q.json
2026-03-18 21:28:37,813 [INFO] Processing 260318_174338_R.json
2026-03-18 21:28:37,814 [INFO] Processing 260318_175356_Q.json
2026-03-18 21:28:37,814 [INFO] Processing 260318_181807_R.json
2026-03-18 21:28:37,815 [INFO] Processing 260318_183003_Q.json
2026-03-18 21:28:37,816 [INFO] Processing 260318_185435_R.json
2026-03-18 21:28:37,818 [INFO] Processing 260318_190626_Q.json
2026-03-18 21:28:37,820 [INFO] Processing 260318_193059_R.json
2026-03-18 21:28:37,823 [INFO] Processing 260318_194248_Q.json
2026-03-18 21:28:37,825 [INFO] Processing 260318_200841_R.json
2026-03-18 21:28:37,829 [INFO] Processing 260318_202032_Q.json
2026-03-18 21:28:37,831 [INFO] Processing 260318_204632_R.json
2026-03-18 21:28:37,835 [INFO] Processing 260318_205851_Q.json
2026-03-18 21:28:37,837 [INFO] Processing 260318_212335_R.json
2026-03-18 21:28:39,563 [INFO] Drivers in leaderboard: 1505
2026-03-18 21:28:39,563 [INFO] Drivers in bestlaps: 1097
2026-03-18 21:28:39,563 [INFO] Races in archive: 123
2026-03-18 21:28:39,564 [INFO] Cars in archive: 26
2026-03-18 21:28:39,564 [INFO] Driver profiles: 1505
2026-03-18 21:28:39,564 [INFO] Safety rows: 168
2026-03-18 21:28:39,564 [INFO] Online day rows: 6
2026-03-18 21:28:39,564 [INFO] Server status: online (25 players)
2026-03-18 21:28:39,565 [INFO] Changed public files: ['snapshot.json', 'races/races.json', 'cars/cars.json', 'drivers/drivers.json', 'drivers/drv_b466bb6eedd8.json', 'drivers/drv_180cf5cae8ff.json', 'drivers/drv_78f57372e7f3.json', 'drivers/drv_615a72803c06.json', 'drivers/drv_780fce005a4b.json', 'drivers/drv_c7e74b2e97af.json', 'drivers/drv_3557cf70bd65.json', 'drivers/drv_d59d8b69d9ec.json', 'drivers/drv_8d85cc2e062e.json', 'drivers/drv_f70422582c6f.json', 'drivers/drv_4896efbf3788.json', 'drivers/drv_d622f86779b0.json', 'drivers/drv_cded6359894c.json', 'drivers/drv_d08c2235b746.json', 'drivers/drv_675236474afa.json', 'drivers/drv_e5c872f87094.json', 'drivers/drv_987177707751.json', 'drivers/drv_4cd5b941c9be.json', 'drivers/drv_4fe1dfa47752.json', 'drivers/drv_567dda9c15e3.json', 'drivers/drv_dcaf5b092129.json', 'drivers/drv_e7bc9e87a5a7.json', 'drivers/drv_cdf0e3bbb607.json', 'drivers/drv_163139acef95.json', 'drivers/drv_525575745f7c.json', 'drivers/drv_634020fc8cb9.json', 'drivers/drv_26927c027d3d.json', 'drivers/drv_12d0fc63fdb8.json', 'drivers/drv_8f41e4635f85.json', 'drivers/drv_8ed35b58d8a5.json', 'drivers/drv_a8bf0facba7f.json', 'drivers/drv_427c6c2dadce.json', 'drivers/drv_08889b47d94f.json', 'drivers/drv_427e93d751d5.json', 'drivers/drv_8b76f1cf667f.json', 'drivers/drv_88b3f9b02501.json', 'drivers/drv_12332351ab4c.json', 'drivers/drv_304f0bd1280c.json', 'drivers/drv_c8572f6576e9.json', 'drivers/drv_931450218665.json', 'drivers/drv_1dc58b24dbf0.json', 'drivers/drv_0a258b3aeda2.json', 'drivers/drv_d077ec7630a5.json', 'drivers/drv_95e0a14fe156.json', 'drivers/drv_550582175b68.json', 'drivers/drv_e0528d4c8d1b.json', 'drivers/drv_abda8f69dec2.json', 'drivers/drv_db57bafaeeda.json', 'drivers/drv_4711f407620f.json', 'drivers/drv_8f771818f222.json', 'drivers/drv_7b4deda73b97.json', 'drivers/drv_df2ff4a29cfa.json', 'drivers/drv_9f0bee521784.json', 'drivers/drv_4582d3b8ab47.json', 'drivers/drv_c4496613eec1.json', 'drivers/drv_828ba0bd4bc4.json', 'drivers/drv_8b17ef980844.json', 'drivers/drv_932122b76539.json', 'drivers/drv_183962fbd20c.json', 'drivers/drv_3d9dadbb7999.json', 'drivers/drv_a3859832f48a.json', 'drivers/drv_41d9307a8a83.json', 'drivers/drv_6fcb3ffe00c1.json', 'drivers/drv_7d6a55029037.json', 'drivers/drv_44c8266b62f4.json', 'drivers/drv_9c74bf46f405.json', 'drivers/drv_3a28b80ea7ba.json', 'drivers/drv_6107d1481d11.json', 'drivers/drv_071c3c12e71b.json', 'drivers/drv_97abf61ce500.json', 'drivers/drv_53405635915a.json', 'drivers/drv_5ce010d4e6cd.json', 'drivers/drv_26a82e994479.json', 'drivers/drv_bc2a34336522.json', 'drivers/drv_d7b37b123272.json', 'drivers/drv_b766f104f0f5.json', 'drivers/drv_9b5d1b675dd3.json', 'drivers/drv_905c4a1a9316.json', 'drivers/drv_19ca11c59e88.json', 'drivers/drv_52b9171227ee.json', 'drivers/drv_66c605ee6b8a.json', 'drivers/drv_16c7794433c6.json', 'drivers/drv_23052b1c8703.json', 'drivers/drv_ac6138188a16.json', 'drivers/drv_b50576ef4f4c.json', 'drivers/drv_7c9dedda494b.json', 'drivers/drv_15e3ae90efa5.json', 'drivers/drv_6ceaf1085334.json', 'drivers/drv_d435107f404e.json', 'drivers/drv_57ce27b1a2c8.json', 'drivers/drv_0dcf138e0678.json', 'drivers/drv_b8e068862ce4.json', 'drivers/drv_5c8ef4e53042.json', 'drivers/drv_24e486ef14ca.json', 'drivers/drv_d659fac671c7.json', 'drivers/drv_79a4b9ded8dc.json', 'drivers/drv_91f8485a6966.json', 'drivers/drv_2666f85b727a.json', 'drivers/drv_24d0d6a5dad6.json', 'drivers/drv_b4aff29ae789.json', 'drivers/drv_1c503906f343.json', 'drivers/drv_4e9489713189.json', 'drivers/drv_aa59ac9e6a1a.json', 'drivers/drv_df5ed208d595.json', 'drivers/drv_67cf7aca791c.json', 'drivers/drv_60269d3fd5fa.json', 'drivers/drv_0d64cef40bf2.json', 'drivers/drv_19a32d996bcd.json', 'drivers/drv_6af3134fb62a.json', 'drivers/drv_b45fec65c646.json', 'drivers/drv_a9c75aa303fe.json', 'drivers/drv_678e41b13f9e.json', 'drivers/drv_c6ab81f52beb.json', 'drivers/drv_300199b23c93.json', 'drivers/drv_bb4d51ca2fdc.json', 'drivers/drv_937f38286851.json', 'drivers/drv_1cfb6f349a42.json', 'drivers/drv_bc48af9c048f.json', 'drivers/drv_2860659f7354.json', 'drivers/drv_10b4b6556336.json', 'drivers/drv_51cd3521c7a2.json', 'drivers/drv_399769ccad49.json', 'drivers/drv_ca12a00e01d7.json', 'drivers/drv_138b5ae2bff6.json', 'drivers/drv_19cf205bab1d.json', 'drivers/drv_2352d9041299.json', 'drivers/drv_696888d74099.json', 'drivers/drv_3abc0e4afebe.json', 'drivers/drv_3c4cb5a352bc.json', 'drivers/drv_9c8a339bc889.json', 'drivers/drv_71a93d54c81b.json', 'drivers/drv_bbb312b5ffd0.json', 'drivers/drv_e2c1bbf69463.json', 'drivers/drv_f8c2ed196ac2.json', 'drivers/drv_b87ebd9ce641.json', 'drivers/drv_a183a8760f62.json', 'drivers/drv_6c460dfe2179.json', 'drivers/drv_0ee17b9bbfe8.json', 'drivers/drv_16c3c1c4df34.json', 'drivers/drv_ef53c98865db.json', 'drivers/drv_4dd781c49819.json', 'drivers/drv_a6035ad815bb.json', 'drivers/drv_9d8f5eee1e91.json', 'drivers/drv_1fe6f86718c4.json', 'drivers/drv_9e1a74463eaa.json', 'drivers/drv_0e41d8fa66e7.json', 'drivers/drv_3f9b33a066de.json', 'drivers/drv_a1df2b20185d.json', 'drivers/drv_9bee646a83e5.json', 'drivers/drv_7aee880a8f85.json', 'drivers/drv_55694f726886.json', 'drivers/drv_668cacf4380c.json', 'drivers/drv_cfe381958447.json', 'drivers/drv_f099b4884730.json', 'drivers/drv_11c7fc19c72e.json', 'drivers/drv_40b2b758a648.json', 'drivers/drv_4aa7655d5889.json', 'drivers/drv_7a74a62811dd.json', 'drivers/drv_b949a8209112.json', 'drivers/drv_4fe7c020bf56.json', 'drivers/drv_d67133d475cc.json', 'drivers/drv_9961b3da7bb2.json', 'drivers/drv_b0b12535529a.json', 'drivers/drv_cc83b7dae6b8.json', 'drivers/drv_c8965897cac8.json', 'drivers/drv_cf6a10a5b3e4.json', 'drivers/drv_ee3d0ed6ee7a.json', 'drivers/drv_fbb2d8e947db.json', 'drivers/drv_cb5d95ebe678.json', 'drivers/drv_757520e078be.json', 'drivers/drv_621dfc2c2b98.json', 'drivers/drv_a274438852ae.json', 'drivers/drv_ead3d6e9f3b0.json', 'drivers/drv_47016b3c382d.json', 'drivers/drv_31f8fd9ee01a.json', 'drivers/drv_88557941e373.json', 'drivers/drv_3bf3c1577fcc.json', 'drivers/drv_d41efd5689eb.json', 'drivers/drv_d3490580f11a.json', 'drivers/drv_080e5f74f4f0.json', 'drivers/drv_2b5f14be66c6.json', 'drivers/drv_444abae119af.json', 'drivers/drv_067860f66061.json', 'drivers/drv_c03a5a2c0617.json', 'drivers/drv_9ab9f00af8a2.json', 'drivers/drv_a4d2b110d640.json', 'drivers/drv_ae86e446ed32.json', 'drivers/drv_27deca136734.json', 'drivers/drv_c4ccae83be8c.json', 'drivers/drv_af929e42a68c.json', 'drivers/drv_8e309f2303e5.json', 'drivers/drv_ee30acbc35a3.json', 'drivers/drv_63e5026face4.json', 'drivers/drv_c256cf8ad052.json', 'drivers/drv_1a07dcbfe45c.json', 'drivers/drv_7ca44ad7b05b.json', 'drivers/drv_e285c64f2db6.json', 'drivers/drv_051544725b3a.json', 'drivers/drv_022d000bd3a6.json', 'drivers/drv_e083198146f9.json', 'drivers/drv_6843f4de4a4e.json', 'drivers/drv_e5a455dfa952.json', 'drivers/drv_75bc753e2bbb.json', 'drivers/drv_441e39adb583.json', 'drivers/drv_4bdc78a9747a.json', 'drivers/drv_e6687e83d0bf.json', 'drivers/drv_4414ca65f495.json', 'drivers/drv_078dcfecfc38.json', 'drivers/drv_4f97bcc913ed.json', 'drivers/drv_e7fa8454363c.json', 'drivers/drv_c9ca86b1e1ca.json', 'drivers/drv_e6845dd2a7af.json', 'drivers/drv_2e66cbe91631.json', 'drivers/drv_6941473e69fd.json', 'drivers/drv_aa6595d05e85.json', 'drivers/drv_fe11e890192f.json', 'drivers/drv_b0289c1f56d8.json', 'drivers/drv_7b51e90db7c1.json', 'drivers/drv_250d6b134168.json', 'drivers/drv_752011e2a1f3.json', 'drivers/drv_da23cf1c2c63.json', 'drivers/drv_36e7cb06d741.json', 'drivers/drv_0dfe1933dc58.json', 'drivers/drv_5717094b9696.json', 'drivers/drv_d35250f461f5.json', 'drivers/drv_9bc4d6f29726.json', 'drivers/drv_121501e9bebe.json', 'drivers/drv_d20ace3bfd44.json', 'drivers/drv_e0daa937df97.json', 'drivers/drv_5a46efa548a0.json', 'drivers/drv_89c1656a3a85.json', 'drivers/drv_4c347dbbecc4.json', 'drivers/drv_e9601f07894f.json', 'drivers/drv_dd8df136b9dd.json', 'drivers/drv_d998d15b4527.json', 'drivers/drv_e5f2ea42df58.json', 'drivers/drv_5b74eb45fe08.json', 'drivers/drv_a7e74beba386.json', 'drivers/drv_d21b10296b8f.json', 'drivers/drv_50c2f7d4ad7f.json', 'drivers/drv_3eec3c9699e8.json', 'drivers/drv_bfb49fcdd772.json', 'drivers/drv_b39bee40f084.json', 'drivers/drv_1307a3536f35.json', 'drivers/drv_d67b8e1f3f62.json', 'drivers/drv_b24e620f2c8c.json', 'drivers/drv_51a753eec09a.json', 'drivers/drv_b3f0ecf218b3.json', 'drivers/drv_7f31781d8782.json', 'drivers/drv_b88c5cd820ee.json', 'drivers/drv_399e1722d3d3.json', 'drivers/drv_9cc27c028f76.json', 'drivers/drv_489128a78b10.json', 'drivers/drv_56922ef5570a.json', 'drivers/drv_964ce73ba40a.json', 'drivers/drv_ecce4c58de05.json', 'drivers/drv_8abba3c0657a.json', 'drivers/drv_32d20c93fe7d.json', 'drivers/drv_2fadbbec92ef.json', 'drivers/drv_61f5b46b7744.json', 'drivers/drv_fcb513ec714a.json', 'drivers/drv_f855f56382f1.json', 'drivers/drv_8165687e3d3b.json', 'drivers/drv_6d5558f055c5.json', 'drivers/drv_ad44a29c04ae.json', 'drivers/drv_89fc669d25ff.json', 'drivers/drv_72afd81e937b.json', 'drivers/drv_c3166a8c564f.json', 'drivers/drv_3871b0a169b0.json', 'drivers/drv_3cccb335028c.json', 'drivers/drv_9ba0b8216ad9.json', 'drivers/drv_e6979d795149.json', 'drivers/drv_b3d9c74ffe59.json', 'drivers/drv_7ddd34173578.json', 'drivers/drv_ec05163c7942.json', 'drivers/drv_34c2362e75bd.json', 'drivers/drv_3875cb665df3.json', 'drivers/drv_b37d69a1824d.json', 'drivers/drv_3da42bbd8ddd.json', 'drivers/drv_97b36387f2cd.json', 'drivers/drv_d3567754cb6d.json', 'drivers/drv_290209b43b5c.json', 'drivers/drv_3653ffa3e14f.json', 'drivers/drv_433127c49103.json', 'drivers/drv_4f093f8cc931.json', 'drivers/drv_90d043338f57.json', 'drivers/drv_50b6870fd8b5.json', 'drivers/drv_5a01c645326a.json', 'drivers/drv_194d8a4faae3.json', 'drivers/drv_ea853a3f32ed.json', 'drivers/drv_aeb2fe74ad37.json', 'drivers/drv_4343d77cbfa4.json', 'drivers/drv_8bfa4d38a6fc.json', 'drivers/drv_027cb95ca84d.json', 'drivers/drv_d3342f706b93.json', 'drivers/drv_732c6fb3bef6.json', 'drivers/drv_652e3d9451af.json', 'drivers/drv_20009501b51c.json', 'drivers/drv_6ddcd80561d0.json', 'drivers/drv_2c17f65adc7d.json', 'drivers/drv_56e9c27ddb5d.json', 'drivers/drv_5c4acbf7b0a9.json', 'drivers/drv_72afd55bd36d.json', 'drivers/drv_5d85e5c7b6c9.json', 'drivers/drv_1f65ba6adb89.json', 'drivers/drv_0a116cdfddec.json', 'drivers/drv_289d40b5d8c9.json', 'drivers/drv_b9324e79c5c3.json', 'drivers/drv_286961050ea2.json', 'drivers/drv_e6b21f021c91.json', 'drivers/drv_89a0c15e85eb.json', 'drivers/drv_9f11ed88fbcf.json', 'drivers/drv_84fdce9de5f3.json', 'drivers/drv_4e37733b4cf9.json', 'drivers/drv_d2be08d9a992.json', 'drivers/drv_deb9f34b2abd.json', 'drivers/drv_3c2cf0f84f65.json', 'drivers/drv_6f0264a08a9d.json', 'drivers/drv_688b702e744f.json', 'drivers/drv_d772bf2f4191.json', 'drivers/drv_e06a6aac2fb9.json', 'drivers/drv_e200795238d7.json', 'drivers/drv_3d7c7b7e8b18.json', 'drivers/drv_a2c88b7251a3.json', 'drivers/drv_19416d7effcd.json', 'drivers/drv_c49574b27007.json', 'drivers/drv_4e4452a28e5d.json', 'drivers/drv_28540b5fe477.json', 'drivers/drv_92bb46ff100f.json', 'drivers/drv_6609c84212e9.json', 'drivers/drv_46a063692d34.json', 'drivers/drv_c1373d826611.json', 'drivers/drv_9c606dbac867.json', 'drivers/drv_d8fee81d72a9.json', 'drivers/drv_ee7b1ad67259.json', 'drivers/drv_15fb23efcd30.json', 'drivers/drv_b52802e3df24.json', 'drivers/drv_2bfff5ca9a87.json', 'drivers/drv_dcde82672c38.json', 'drivers/drv_d080f7203f62.json', 'drivers/drv_1e9cfd7f137a.json', 'drivers/drv_af077a6be256.json', 'drivers/drv_4852c5980727.json', 'drivers/drv_f2416e58354f.json', 'drivers/drv_41a796783602.json', 'drivers/drv_c6c41acc0c41.json', 'drivers/drv_ff6259c2c3d3.json', 'drivers/drv_19f1e3784eb2.json', 'drivers/drv_3ad8c5104ce1.json', 'drivers/drv_99255672cca1.json', 'drivers/drv_d4f039365576.json', 'drivers/drv_5c5c20122618.json', 'drivers/drv_3d16172805db.json', 'drivers/drv_4a468c3db71f.json', 'drivers/drv_9a0488ff78bd.json', 'drivers/drv_6ee0a7eda6a0.json', 'drivers/drv_e17960b16c27.json', 'drivers/drv_12843225f9fc.json', 'drivers/drv_042e0bacf9cb.json', 'drivers/drv_a38840c4f5e4.json', 'drivers/drv_c99e929be15f.json', 'drivers/drv_af18460dee9b.json', 'drivers/drv_b4bf6f6eef66.json', 'drivers/drv_379b0f25ef5b.json', 'drivers/drv_52e1870c1ad3.json', 'drivers/drv_e495a30d6239.json', 'drivers/drv_71ed9ea2a2e8.json', 'drivers/drv_e8b189b34b5b.json', 'drivers/drv_16b27477afd8.json', 'drivers/drv_c9e5904dc73a.json', 'drivers/drv_8797a4014744.json', 'drivers/drv_13d632c40752.json', 'drivers/drv_bde9b5ad739b.json', 'drivers/drv_1721886b10f4.json', 'drivers/drv_245a340b9a34.json', 'drivers/drv_0084e25cf41e.json', 'drivers/drv_d7145ee11994.json', 'drivers/drv_ec7ec111eb05.json', 'drivers/drv_f9f7154320e2.json', 'drivers/drv_1f3ff8922df1.json', 'drivers/drv_e801628057a8.json', 'drivers/drv_a2ba00e1496d.json', 'drivers/drv_a05b4a54442f.json', 'drivers/drv_0e72354e5898.json', 'drivers/drv_32c6cefd43bb.json', 'drivers/drv_0f2b7eae0198.json', 'drivers/drv_7778d4214f2d.json', 'drivers/drv_d17811812201.json', 'drivers/drv_63913215a9f0.json', 'drivers/drv_7bc772f744e7.json', 'drivers/drv_6cdc6adbeeaa.json', 'drivers/drv_96172d354a43.json', 'drivers/drv_025fef7932a1.json', 'drivers/drv_c8270969cfc0.json', 'drivers/drv_51df466a15ed.json', 'drivers/drv_710f5938be91.json', 'drivers/drv_946f9e3c14d3.json', 'drivers/drv_fc718388aa7e.json', 'drivers/drv_b977beccde81.json', 'drivers/drv_582f3428bf35.json', 'drivers/drv_2418174bc448.json', 'drivers/drv_6e73941c8888.json', 'drivers/drv_acb786e3e6cd.json', 'drivers/drv_27d159b0390b.json', 'drivers/drv_728296dd83f3.json', 'drivers/drv_c57d3522ec29.json', 'drivers/drv_e959cdd5f1db.json', 'drivers/drv_f45e95ecf5ce.json', 'drivers/drv_33e1cdac1d6d.json', 'drivers/drv_8dc2649289c5.json', 'drivers/drv_5182f2f74b05.json', 'drivers/drv_beaf401263dd.json', 'drivers/drv_1189a2b3c736.json', 'drivers/drv_b6f0e08be0a6.json', 'drivers/drv_09abcfc40ed6.json', 'drivers/drv_db655f84ef41.json', 'drivers/drv_4485aa89e04d.json', 'drivers/drv_6a8b1163c209.json', 'drivers/drv_b1fd7b57da41.json', 'drivers/drv_4d929d12f1a5.json', 'drivers/drv_51fe9e6e074a.json', 'drivers/drv_9f5b89a8c6b2.json', 'drivers/drv_b34f90b2720c.json', 'drivers/drv_508dae510c68.json', 'drivers/drv_026085a16dee.json', 'drivers/drv_6a6e7ca278ae.json', 'drivers/drv_ce2f46097f7f.json', 'drivers/drv_dd485d18f195.json', 'drivers/drv_9a767a7919b4.json', 'drivers/drv_2e9609ad0d2f.json', 'drivers/drv_a7e25fb60016.json', 'drivers/drv_ce06cb238a9f.json', 'drivers/drv_f6da707f3e70.json', 'drivers/drv_8319f7bf4cf9.json', 'drivers/drv_fdc8cb43b577.json', 'drivers/drv_c55e1f7268e6.json', 'drivers/drv_5ac60d24173c.json', 'drivers/drv_310a61816e95.json', 'drivers/drv_08ce1a8018ea.json', 'drivers/drv_2e3ea7c4d7fa.json', 'drivers/drv_add56623425c.json', 'drivers/drv_1f20b1022ef4.json', 'drivers/drv_6c5bd8b1f0d1.json', 'drivers/drv_3df26b7b8a1c.json', 'drivers/drv_207d14eeee04.json', 'drivers/drv_adcedb868996.json', 'drivers/drv_a9337acad3c2.json', 'drivers/drv_3f3110ec6001.json', 'drivers/drv_9a6c2c97e449.json', 'drivers/drv_8ae7eadb2b4d.json', 'drivers/drv_0eeaca23794c.json', 'drivers/drv_418a150a23e7.json', 'drivers/drv_e1b5a8815fd7.json', 'drivers/drv_c828bc192f79.json', 'drivers/drv_220d928cc783.json', 'drivers/drv_d95cfffec9fa.json', 'drivers/drv_10d14c0e396e.json', 'drivers/drv_0b3770794a9f.json', 'drivers/drv_6211c8b7df17.json', 'drivers/drv_e62b50ff4ff8.json', 'drivers/drv_8a4607d72507.json', 'drivers/drv_cf7a55a554b6.json', 'drivers/drv_fb72b7d80f8b.json', 'drivers/drv_998197d8fb53.json', 'drivers/drv_fc15e6916292.json', 'drivers/drv_62addfa1cab5.json', 'drivers/drv_54948bf83f4f.json', 'drivers/drv_5b6989e252d1.json', 'drivers/drv_21d1fb3b95b7.json', 'drivers/drv_b4d6163fe071.json', 'drivers/drv_5fb752ab800c.json', 'drivers/drv_02c235435ebf.json', 'drivers/drv_fa9dde575ebd.json', 'drivers/drv_4a08efcd4625.json', 'drivers/drv_f3ad2174ec19.json', 'drivers/drv_f095c8a1aed2.json', 'drivers/drv_3dcdd539a424.json', 'drivers/drv_77c58a707e46.json', 'drivers/drv_6107093c9228.json', 'drivers/drv_404632669cf7.json', 'drivers/drv_9407d5251d41.json', 'drivers/drv_d5f1607e1829.json', 'drivers/drv_b80292624fed.json', 'drivers/drv_c0aa49d12bfa.json', 'drivers/drv_6e890d3950b2.json', 'drivers/drv_b47a403da5c7.json', 'drivers/drv_4616da72cffd.json', 'drivers/drv_c7ba529e6b25.json', 'drivers/drv_996286905fb5.json', 'drivers/drv_e642f0df6ff1.json', 'drivers/drv_8f097cff9f3a.json', 'drivers/drv_febc042dae77.json', 'drivers/drv_b99f06eacb0f.json', 'drivers/drv_cdbe55e9ff23.json', 'drivers/drv_fff0e9431d2d.json', 'drivers/drv_3fd630616f69.json', 'drivers/drv_eb9e2e3d354f.json', 'drivers/drv_2d6229dce2ed.json', 'drivers/drv_2c07d077909e.json', 'drivers/drv_712005ec030c.json', 'drivers/drv_1737bbedd67d.json', 'drivers/drv_47013a228ff9.json', 'drivers/drv_995eaaa8a21a.json', 'drivers/drv_2b1b9dd0c513.json', 'drivers/drv_845c3e72938f.json', 'drivers/drv_e38b1bf23c0e.json', 'drivers/drv_c9144564d28d.json', 'drivers/drv_c73b9e8687a7.json', 'drivers/drv_62c1f65c00fa.json', 'drivers/drv_c1073493ab51.json', 'drivers/drv_6f296d9a3485.json', 'drivers/drv_2d576b6354fb.json', 'drivers/drv_c0fdf12b3e10.json', 'drivers/drv_305b71fa4b45.json', 'drivers/drv_7cbb7d9eb119.json', 'drivers/drv_91fc0e88c935.json', 'drivers/drv_c4b94984e5cf.json', 'drivers/drv_3fd163612c1b.json', 'drivers/drv_9c65c4cbbc0d.json', 'drivers/drv_ef8eac311bfb.json', 'drivers/drv_dce3a2742c29.json', 'drivers/drv_5747d784cc9a.json', 'drivers/drv_3e558150fd26.json', 'drivers/drv_1bb8c5cebc79.json', 'drivers/drv_b9a5d1649e20.json', 'drivers/drv_bf6a093388c8.json', 'drivers/drv_1ec9a0c65f40.json', 'drivers/drv_e1078f862b08.json', 'drivers/drv_8ab1bbc67e2c.json', 'drivers/drv_a16ad78cd476.json', 'drivers/drv_dc1eeb0c497e.json', 'drivers/drv_35086b4a5cb6.json', 'drivers/drv_a57fd2cf7ca3.json', 'drivers/drv_db86e452acca.json', 'drivers/drv_da2280fff34e.json', 'drivers/drv_1a77eb9e7ca9.json', 'drivers/drv_ea4d2f048414.json', 'drivers/drv_e74b46882d1f.json', 'drivers/drv_d727dad49553.json', 'drivers/drv_89df19908eb6.json', 'drivers/drv_7d3c9e1f1588.json', 'drivers/drv_120e0af90b18.json', 'drivers/drv_117a009e48a6.json', 'drivers/drv_97339a10b9f0.json', 'drivers/drv_c6154d38800f.json', 'drivers/drv_5102ef79980f.json', 'drivers/drv_edf8e148e6d9.json', 'drivers/drv_80c65de04c41.json', 'drivers/drv_3c083b7e2812.json', 'drivers/drv_c2276f782610.json', 'drivers/drv_f5feb5f7a9ae.json', 'drivers/drv_acbde38f0f11.json', 'drivers/drv_3d7b9e89bb05.json', 'drivers/drv_965767977303.json', 'drivers/drv_dc06ea753b5a.json', 'drivers/drv_3d7758c89b99.json', 'drivers/drv_7a8537ba1111.json', 'drivers/drv_b01ec45fbe99.json', 'drivers/drv_362be9a7582e.json', 'drivers/drv_393e73f1222f.json', 'drivers/drv_5a381f072d34.json', 'drivers/drv_ca95f83ac65a.json', 'drivers/drv_da13c89cb270.json', 'drivers/drv_9f62ed1eb2e8.json', 'drivers/drv_56d5d830dbd5.json', 'drivers/drv_5154037da0f7.json', 'drivers/drv_05fb6c09266a.json', 'drivers/drv_29ecc01071c1.json', 'drivers/drv_81514dfe68eb.json', 'drivers/drv_7b5a87a85b4b.json', 'drivers/drv_758eeaa3d068.json', 'drivers/drv_fd674c8f3b40.json', 'drivers/drv_bdfb4a974aa1.json', 'drivers/drv_dac6b34483c6.json', 'drivers/drv_032009eb3eab.json', 'drivers/drv_bf062c781af2.json', 'drivers/drv_f8bac98a1879.json', 'drivers/drv_82ab0e1e2c96.json', 'drivers/drv_d4fd9df52d09.json', 'drivers/drv_f0659f832541.json', 'drivers/drv_872a5ad89ee1.json', 'drivers/drv_abaf8ea9b162.json', 'drivers/drv_92cc59644e23.json', 'drivers/drv_605ed5b7f23b.json', 'drivers/drv_39c6db6578b0.json', 'drivers/drv_86cef8c542eb.json', 'drivers/drv_7036cdeaa278.json', 'drivers/drv_986f33a9b115.json', 'drivers/drv_2c1c8eed26d0.json', 'drivers/drv_3042e276d255.json', 'drivers/drv_04e7ad0c4165.json', 'drivers/drv_8df863259862.json', 'drivers/drv_b90163febabb.json', 'drivers/drv_e3ed6d43ac6f.json', 'drivers/drv_b80c001c6931.json', 'drivers/drv_7126c3a2d547.json', 'drivers/drv_5c1ba7836f3a.json', 'drivers/drv_5a7e13fca821.json', 'drivers/drv_87884c0ed0b1.json', 'drivers/drv_adc2220525f6.json', 'drivers/drv_e07a8b7a8850.json', 'drivers/drv_a9b90ef18dd8.json', 'drivers/drv_3fa7c8e24654.json', 'drivers/drv_7c31cf8c24d2.json', 'drivers/drv_1b5878520d16.json', 'drivers/drv_251732859f7d.json', 'drivers/drv_86d46de3940a.json', 'drivers/drv_f5021d55e8bd.json', 'drivers/drv_3d92b7657e45.json', 'drivers/drv_b7a399541d7f.json', 'drivers/drv_1daac4308993.json', 'drivers/drv_0df3aafd9ae1.json', 'drivers/drv_85a9757c5172.json', 'drivers/drv_7aeeac2f282a.json', 'drivers/drv_bad974f80bf8.json', 'drivers/drv_d176e752fb9e.json', 'drivers/drv_43033d4860d3.json', 'drivers/drv_0db100cf9d76.json', 'drivers/drv_e3336af9e71c.json', 'drivers/drv_0d5da6d6f710.json', 'drivers/drv_60ff635875df.json', 'drivers/drv_dc17b8dac542.json', 'drivers/drv_34b8879a1546.json', 'drivers/drv_f435e9938f76.json', 'drivers/drv_e00823d87f05.json', 'drivers/drv_12c40c013c9a.json', 'drivers/drv_bc3ce48228c5.json', 'drivers/drv_760899f484d9.json', 'drivers/drv_fc4768be7a52.json', 'drivers/drv_feb4f4219d92.json', 'drivers/drv_6f31c6489d11.json', 'drivers/drv_108596a47432.json', 'drivers/drv_181a46c2fd16.json', 'drivers/drv_022194a93685.json', 'drivers/drv_f44876a31101.json', 'drivers/drv_07dca1f3c2ab.json', 'drivers/drv_31ba312cdf9e.json', 'drivers/drv_cd70038eb8cc.json', 'drivers/drv_b8a1bf2ac498.json', 'drivers/drv_6d82e37dff15.json', 'drivers/drv_324225ad6988.json', 'drivers/drv_03310d2b3706.json', 'drivers/drv_2a1a8973dd95.json', 'drivers/drv_1b7502510c50.json', 'drivers/drv_5acacd6269d7.json', 'drivers/drv_e6561bad23f1.json', 'drivers/drv_c3b858543c18.json', 'drivers/drv_dd414045ca6f.json', 'drivers/drv_3a49a62788d7.json', 'drivers/drv_991d073b6cbb.json', 'drivers/drv_441a25170a56.json', 'drivers/drv_a844909d0be9.json', 'drivers/drv_9b6212b9d43e.json', 'drivers/drv_9e03f6f8785d.json', 'drivers/drv_d990ee702ee7.json', 'drivers/drv_5ca487b547de.json', 'drivers/drv_56b1891a5ffe.json', 'drivers/drv_2a8363d13022.json', 'drivers/drv_46056908bd2a.json', 'drivers/drv_a1cd56f10a98.json', 'drivers/drv_acc62842c4a5.json', 'drivers/drv_519a538989b5.json', 'drivers/drv_43114e49748a.json', 'drivers/drv_8a519cdcd4d8.json', 'drivers/drv_52504abd8e0b.json', 'drivers/drv_2a9373266761.json', 'drivers/drv_c5df8abb0c62.json', 'drivers/drv_7a94a281736f.json', 'drivers/drv_6426d2b0d27b.json', 'drivers/drv_d96450ca4551.json', 'drivers/drv_dbba1c1b5962.json', 'drivers/drv_8b3fbc441417.json', 'drivers/drv_a38ce1b6819e.json', 'drivers/drv_a29e2baa5049.json', 'drivers/drv_e17cfa455d61.json', 'drivers/drv_28c2f00700dc.json', 'drivers/drv_d27b89097b38.json', 'drivers/drv_9901f0b9755f.json', 'drivers/drv_815ba01da2bb.json', 'drivers/drv_41bc055f88e0.json', 'drivers/drv_bae4aab97d41.json', 'drivers/drv_3d3b9fe2f957.json', 'drivers/drv_a9e38a395df2.json', 'drivers/drv_481f6408ab13.json', 'drivers/drv_fc26e0e427a6.json', 'drivers/drv_ce5a5b73a908.json', 'drivers/drv_862ce245805e.json', 'drivers/drv_e940a9657e2b.json', 'drivers/drv_d347375dc488.json', 'drivers/drv_e75b0b247546.json', 'drivers/drv_2d0cf376b8f2.json', 'drivers/drv_7f51bbdbd237.json', 'drivers/drv_675b065b484a.json', 'drivers/drv_6e38e9d0515f.json', 'drivers/drv_2855c39bd833.json', 'drivers/drv_9902dbf3da7e.json', 'drivers/drv_715475df15f4.json', 'drivers/drv_40662cc3b49b.json', 'drivers/drv_f0b9321986b2.json', 'drivers/drv_6dad53fa94c5.json', 'drivers/drv_c42284825116.json', 'drivers/drv_54725f5da97a.json', 'drivers/drv_97ac5b4c8fea.json', 'drivers/drv_12682f3f7170.json', 'drivers/drv_1d80efabedc2.json', 'drivers/drv_1e2aa1e0436d.json', 'drivers/drv_c923bf1bebf2.json', 'drivers/drv_dd75792761ff.json', 'drivers/drv_64e4d4ba1963.json', 'drivers/drv_0f2996c61f78.json', 'drivers/drv_479c0224a9ab.json', 'drivers/drv_ef8d2ba316e2.json', 'drivers/drv_1dc6469113d8.json', 'drivers/drv_1a78ac91e5aa.json', 'drivers/drv_3370a980febb.json', 'drivers/drv_054ed1dcc8c2.json', 'drivers/drv_69e479b09e20.json', 'drivers/drv_537e4b747e31.json', 'drivers/drv_39416fd7adbf.json', 'drivers/drv_c2e780c3318d.json', 'drivers/drv_5d94a8150b49.json', 'drivers/drv_9f3caf18eee6.json', 'drivers/drv_0d301f339f5a.json', 'drivers/drv_c648be3662d7.json', 'drivers/drv_6fb160bf4cea.json', 'drivers/drv_33aebba1fa64.json', 'drivers/drv_e71f3cedd6ab.json', 'drivers/drv_78e3cb831689.json', 'drivers/drv_af664db00436.json', 'drivers/drv_bac996dea0c5.json', 'drivers/drv_7f77c25c95b6.json', 'drivers/drv_c314b72becc3.json', 'drivers/drv_d23e78496333.json', 'drivers/drv_f357f30df3ab.json', 'drivers/drv_385f7dd83ac9.json', 'drivers/drv_6dc6f6f29d05.json', 'drivers/drv_0e5c33e103c3.json', 'drivers/drv_254a046fa837.json', 'drivers/drv_f22f608765ea.json', 'drivers/drv_1cca94f0547a.json', 'drivers/drv_862253c612ac.json', 'drivers/drv_185608df5fab.json', 'drivers/drv_11146a690021.json', 'drivers/drv_34302acdd8d3.json', 'drivers/drv_c3440c4c731c.json', 'drivers/drv_dc47c99735c6.json', 'drivers/drv_820d1a5fa0fc.json', 'drivers/drv_099e981aa807.json', 'drivers/drv_1a952a24e5c0.json', 'drivers/drv_b3cd65869c61.json', 'drivers/drv_8861f84df438.json', 'drivers/drv_0b74b2189e11.json', 'drivers/drv_c21edb4a83ca.json', 'drivers/drv_54dba94bb045.json', 'drivers/drv_15a8c57aa535.json', 'drivers/drv_d51808de1ce0.json', 'drivers/drv_2c0dec2e2422.json', 'drivers/drv_faa2e41cbcb5.json', 'drivers/drv_c2127315541a.json', 'drivers/drv_b65d7b793b3c.json', 'drivers/drv_a0f60f42a6f5.json', 'drivers/drv_01c456fc046f.json', 'drivers/drv_1ec25c62ef5b.json', 'drivers/drv_b366c5b37f3f.json', 'drivers/drv_257b14590feb.json', 'drivers/drv_59e100b0fde8.json', 'drivers/drv_827bd3b0cfe1.json', 'drivers/drv_b3f83f59dabf.json', 'drivers/drv_1a271abf7ad0.json', 'drivers/drv_32c55e77dcb9.json', 'drivers/drv_9d41358627de.json', 'drivers/drv_0da632c6d27f.json', 'drivers/drv_1ced5b38d665.json', 'drivers/drv_b2d982204ab7.json', 'drivers/drv_877bf396ee8f.json', 'drivers/drv_9248713a811f.json', 'drivers/drv_437c415018fd.json', 'drivers/drv_69069be2c0b1.json', 'drivers/drv_1857075704d4.json', 'drivers/drv_2f21d54a8802.json', 'drivers/drv_f978f4172192.json', 'drivers/drv_31b2239d13e0.json', 'drivers/drv_7255b99e9617.json', 'drivers/drv_36501c293365.json', 'drivers/drv_7eb4ba34321c.json', 'drivers/drv_4cb070321446.json', 'drivers/drv_ab7817404053.json', 'drivers/drv_1cb5d161a7e8.json', 'drivers/drv_efe3da38f90b.json', 'drivers/drv_e907098eae56.json', 'drivers/drv_66565ac813d4.json', 'drivers/drv_34b34efe4fca.json', 'drivers/drv_01ef41e2398a.json', 'drivers/drv_11506b7e8b0e.json', 'drivers/drv_b097674487a3.json', 'drivers/drv_66382f067b0e.json', 'drivers/drv_413ac4eca837.json', 'drivers/drv_21ebf3c97c6b.json', 'drivers/drv_a4d6454061f6.json', 'drivers/drv_aaf90205bbbe.json', 'drivers/drv_911432656dec.json', 'drivers/drv_bd366d98b799.json', 'drivers/drv_e6aa8857d715.json', 'drivers/drv_ef6d7b598de9.json', 'drivers/drv_ec6f428548c5.json', 'drivers/drv_67577d168b16.json', 'drivers/drv_1937a788d59e.json', 'drivers/drv_6e2f29910245.json', 'drivers/drv_60c3b6056298.json', 'drivers/drv_db1a9c7e12eb.json', 'drivers/drv_2bb0efd62346.json', 'drivers/drv_444564ae50a8.json', 'drivers/drv_57e3a9e21b2d.json', 'drivers/drv_216610c8f5af.json', 'drivers/drv_a720eb533e4c.json', 'drivers/drv_7ebaaf698ca0.json', 'drivers/drv_a6e95b229736.json', 'drivers/drv_281bba643242.json', 'drivers/drv_84d8d7c9c51e.json', 'drivers/drv_27e55d7c0010.json', 'drivers/drv_aaa1546d82d9.json', 'drivers/drv_060e1428d122.json', 'drivers/drv_24c0edbfedd8.json', 'drivers/drv_855ce31772aa.json', 'drivers/drv_9ca2677838ba.json', 'drivers/drv_ac6beeacd5b7.json', 'drivers/drv_9fcf4b9d8df5.json', 'drivers/drv_ffe886ab85f0.json', 'drivers/drv_df67bf066df4.json', 'drivers/drv_46cb9a972cf7.json', 'drivers/drv_5d8b821172cb.json', 'drivers/drv_30abb573cd62.json', 'drivers/drv_fc0d4715777f.json', 'drivers/drv_ce56d88f1dd8.json', 'drivers/drv_fa8039a51ae6.json', 'drivers/drv_eaeafece3779.json', 'drivers/drv_4d0210e802a4.json', 'drivers/drv_be9c7a65142d.json', 'drivers/drv_0f17338979fe.json', 'drivers/drv_877424866928.json', 'drivers/drv_94fe89b87991.json', 'drivers/drv_00f796922b6c.json', 'drivers/drv_d6bfcefb6c6a.json', 'drivers/drv_510058d2cd21.json', 'drivers/drv_c03de5fb5164.json', 'drivers/drv_4466d4352bb0.json', 'drivers/drv_a9463a3a763b.json', 'drivers/drv_f5a4cacfa23a.json', 'drivers/drv_cff25bc8c4c0.json', 'drivers/drv_dcf75d87a0be.json', 'drivers/drv_011526e4a7b1.json', 'drivers/drv_b841019f5135.json', 'drivers/drv_3582194fd7cd.json', 'drivers/drv_3cfc8fa2c788.json', 'drivers/drv_a7601b21430c.json', 'drivers/drv_a2eae25733e0.json', 'drivers/drv_f5ecf5d0998c.json', 'drivers/drv_075c112ac524.json', 'drivers/drv_0656334ce728.json', 'drivers/drv_6e8cc044e35d.json', 'drivers/drv_c52055f610b4.json', 'drivers/drv_abf1d4071a0f.json', 'drivers/drv_553d3c67c5fd.json', 'drivers/drv_ddb2f71799ef.json', 'drivers/drv_6ebc040b07a6.json', 'drivers/drv_2e9bf4bffee2.json', 'drivers/drv_b63a0c7a4ced.json', 'drivers/drv_e3d77184835c.json', 'drivers/drv_5e69feb1ca2a.json', 'drivers/drv_8de152aef64c.json', 'drivers/drv_2a71baff1c14.json', 'drivers/drv_bc08515b9a76.json', 'drivers/drv_9b7b472676eb.json', 'drivers/drv_b07e18e70fb5.json', 'drivers/drv_531247e882ce.json', 'drivers/drv_2446954e3683.json', 'drivers/drv_04bbab1715e3.json', 'drivers/drv_b6bad9cf7c71.json', 'drivers/drv_ad8684ea9173.json', 'drivers/drv_a088a5a67fcc.json', 'drivers/drv_2080b8f07ef1.json', 'drivers/drv_23cb0b9a9f5a.json', 'drivers/drv_fde077961256.json', 'drivers/drv_c8b1603f847d.json', 'drivers/drv_6b87b1dd3e29.json', 'drivers/drv_86602a348bcb.json', 'drivers/drv_770375533669.json', 'drivers/drv_b4d73495e666.json', 'drivers/drv_911e1d8e08da.json', 'drivers/drv_85cda0a29199.json', 'drivers/drv_bdd12d93a8c1.json', 'drivers/drv_8009944e10e8.json', 'drivers/drv_07d45972b193.json', 'drivers/drv_2c5e72ec739c.json', 'drivers/drv_272d0b954489.json', 'drivers/drv_f98968d53c34.json', 'drivers/drv_db00f57a7200.json', 'drivers/drv_2122ab6c0442.json', 'drivers/drv_dba2a98f9681.json', 'drivers/drv_b3e534e30c4b.json', 'drivers/drv_af6cda614017.json', 'drivers/drv_d7d8943fe059.json', 'drivers/drv_05ad6939eaf8.json', 'drivers/drv_050347dc1956.json', 'drivers/drv_7a89d1fc172f.json', 'drivers/drv_6fb3bbe3688c.json', 'drivers/drv_b8376de526e8.json', 'drivers/drv_713e27af3a3c.json', 'drivers/drv_9d25d0c9dcc1.json', 'drivers/drv_fafca2e392e8.json', 'drivers/drv_5c98a5940b3d.json', 'drivers/drv_e78d81e0a0c9.json', 'drivers/drv_ac513424006f.json', 'drivers/drv_463e11f8e022.json', 'drivers/drv_e0151b9b6551.json', 'drivers/drv_cb8883630463.json', 'drivers/drv_2da1eb02b55c.json', 'drivers/drv_c2f30448ca65.json', 'drivers/drv_4bd083ecf9a0.json', 'drivers/drv_21f2c5afc270.json', 'drivers/drv_ab7639e55b76.json', 'drivers/drv_73f3d6d9fd66.json', 'drivers/drv_76dda4e35859.json', 'drivers/drv_38c665ad550a.json', 'drivers/drv_d04c66279751.json', 'drivers/drv_5ea17c0b5146.json', 'drivers/drv_ed357ddfe1b8.json', 'drivers/drv_ebc4d9e38ab5.json', 'drivers/drv_eedc96528fca.json', 'drivers/drv_36e341c2bd89.json', 'drivers/drv_b780994ae08c.json', 'drivers/drv_6ad57353ef7c.json', 'drivers/drv_766059a3e18a.json', 'drivers/drv_fabf8810e43b.json', 'drivers/drv_6aeeee77c5c4.json', 'drivers/drv_34dd6c52fb87.json', 'drivers/drv_41d57ff52514.json', 'drivers/drv_bcefdfd5aa66.json', 'drivers/drv_cda29b8c5add.json', 'drivers/drv_459030794956.json', 'drivers/drv_27d4ec8b730b.json', 'drivers/drv_5370692af67c.json', 'drivers/drv_d35ddf87e9da.json', 'drivers/drv_d6590dffb990.json', 'drivers/drv_820f2a06dd70.json', 'drivers/drv_aa5848bce348.json', 'drivers/drv_daf46dbbb0ae.json', 'drivers/drv_7ea4b7518b3b.json', 'drivers/drv_6719200b547a.json', 'drivers/drv_450395a91984.json', 'drivers/drv_45d01c0e7188.json', 'drivers/drv_6211eaa36b6a.json', 'drivers/drv_af236d86603d.json', 'drivers/drv_a4e7dbf94d03.json', 'drivers/drv_f0377167c636.json', 'drivers/drv_cdb8307861bd.json', 'drivers/drv_7b7bce4de07a.json', 'drivers/drv_317a7657ab96.json', 'drivers/drv_f1dd9e697f6e.json', 'drivers/drv_a58b9ca82e73.json', 'drivers/drv_b69a060f2313.json', 'drivers/drv_229c0110706c.json', 'drivers/drv_5b25833a0c24.json', 'drivers/drv_c2f1d210079e.json', 'drivers/drv_d231ac11c858.json', 'drivers/drv_adb994279605.json', 'drivers/drv_18a34da1b94e.json', 'drivers/drv_05fd87799625.json', 'drivers/drv_57eb3afed807.json', 'drivers/drv_b7345eb4cbc7.json', 'drivers/drv_9efefe24964c.json', 'drivers/drv_8307f39d7077.json', 'drivers/drv_0382863da129.json', 'drivers/drv_cbf356641dc1.json', 'drivers/drv_baef9ea33d63.json', 'drivers/drv_ed8cdd61f107.json', 'drivers/drv_87cb38fb4114.json', 'drivers/drv_d41825f74fae.json', 'drivers/drv_232597ff8ada.json', 'drivers/drv_1f7087b37daa.json', 'drivers/drv_61bc626422ab.json', 'drivers/drv_a7396c253f1d.json', 'drivers/drv_5fb992b4547c.json', 'drivers/drv_04e4a2bd393f.json', 'drivers/drv_cdc0363048e0.json', 'drivers/drv_dff68ea43467.json', 'drivers/drv_06ddd544e66e.json', 'drivers/drv_4987b3bbff7d.json', 'drivers/drv_7e503b83155b.json', 'drivers/drv_717e51cc0e4a.json', 'drivers/drv_cc3ddae1215c.json', 'drivers/drv_d2f48c195416.json', 'drivers/drv_47f37530ee96.json', 'drivers/drv_81737ed0cf93.json', 'drivers/drv_edfb290a5b99.json', 'drivers/drv_b6337aac40a1.json', 'drivers/drv_fa4c36fb67af.json', 'drivers/drv_0f4b831925ef.json', 'drivers/drv_8f5735a8955f.json', 'drivers/drv_f49e40bfaa1e.json', 'drivers/drv_b8b94aadfc6d.json', 'drivers/drv_045d697d0e30.json', 'drivers/drv_40096cb0ef29.json', 'drivers/drv_85b65cb0e5cf.json', 'drivers/drv_8b5910ebab0f.json', 'drivers/drv_b936b67ba443.json', 'drivers/drv_bea3b5101599.json', 'drivers/drv_0bb543909e2f.json', 'drivers/drv_b879a19a57c9.json', 'drivers/drv_d18b20b15d8d.json', 'drivers/drv_f4a4e31abd79.json', 'drivers/drv_b620eef5977e.json', 'drivers/drv_8b5eeac1c0a8.json', 'drivers/drv_47fccd73e435.json', 'drivers/drv_9f8bbc948c0a.json', 'drivers/drv_e5828c73f727.json', 'drivers/drv_dbc06b53aee0.json', 'drivers/drv_4e69f106e846.json', 'drivers/drv_c8282a5d96c2.json', 'drivers/drv_9ec8a5d5cec2.json', 'drivers/drv_82ffbad5fcab.json', 'drivers/drv_40cc65693fcc.json', 'drivers/drv_4bc526443910.json', 'drivers/drv_33b8cb4f9ae6.json', 'drivers/drv_fbd16be9c64c.json', 'drivers/drv_ea720160d1d5.json', 'drivers/drv_5497b72693fe.json', 'drivers/drv_7efc6c48badc.json', 'drivers/drv_a0da2cb296dd.json', 'drivers/drv_f74dcf635dcc.json', 'drivers/drv_d3df7b1c34fa.json', 'drivers/drv_ab1752239278.json', 'drivers/drv_405f484a0c3c.json', 'drivers/drv_24dc6d11608f.json', 'drivers/drv_39c83180f26a.json', 'drivers/drv_9afd0424ded9.json', 'drivers/drv_9a70c0c4f784.json', 'drivers/drv_ecd56cbf3af6.json', 'drivers/drv_b75ba3b738e2.json', 'drivers/drv_14ce23d95530.json', 'drivers/drv_d26d8500b037.json', 'drivers/drv_3bd7ff12b1f0.json', 'drivers/drv_0b8c61547ee5.json', 'drivers/drv_be2f8f8abd12.json', 'drivers/drv_62839d65718c.json', 'drivers/drv_720de517c860.json', 'drivers/drv_ba4e79605687.json', 'drivers/drv_431462354d83.json', 'drivers/drv_919b27927f05.json', 'drivers/drv_6769e2b7e434.json', 'drivers/drv_a7eafba5b7a7.json', 'drivers/drv_ecdaa050f79d.json', 'drivers/drv_f183c1587db3.json', 'drivers/drv_a1ec03848a9a.json', 'drivers/drv_0d445be8c3d8.json', 'drivers/drv_0fd68b75f47b.json', 'drivers/drv_f77bdb44564e.json', 'drivers/drv_058290afecc1.json', 'drivers/drv_e1b8b7d57a51.json', 'drivers/drv_4312c05e9ac6.json', 'drivers/drv_d7523f52219f.json', 'drivers/drv_3abfab563746.json', 'drivers/drv_1637de9a270f.json', 'drivers/drv_94c28e11f7bc.json', 'drivers/drv_4d4d2d51eeca.json', 'drivers/drv_b0c59ad2e618.json', 'drivers/drv_87d796535643.json', 'drivers/drv_db226627de24.json', 'drivers/drv_e6c8c1656762.json', 'drivers/drv_3a7a84c73de2.json', 'drivers/drv_e83b94e4b7f1.json', 'drivers/drv_c4551e43bc4d.json', 'drivers/drv_84553521da63.json', 'drivers/drv_02a8c01ce521.json', 'drivers/drv_8ecabe62ef60.json', 'drivers/drv_17c98850f548.json', 'drivers/drv_c24f956f894c.json', 'drivers/drv_42980bece5c8.json', 'drivers/drv_8014f11debab.json', 'drivers/drv_d95596daff58.json', 'drivers/drv_56b2b8b91027.json', 'drivers/drv_f02931263883.json', 'drivers/drv_009db821b4d0.json', 'drivers/drv_ea4b9f3cc912.json', 'drivers/drv_5aa2ec32f187.json', 'drivers/drv_dc885563e85c.json', 'drivers/drv_37dc50ea0c4b.json', 'drivers/drv_c8151a355ea0.json', 'drivers/drv_23df2535c71d.json', 'drivers/drv_a6cfd3f45237.json', 'drivers/drv_9b0b03d71f10.json', 'drivers/drv_145441b04f1e.json', 'drivers/drv_6248546331b3.json', 'drivers/drv_71128232535d.json', 'drivers/drv_79ad0fe61476.json', 'drivers/drv_5373d2c06842.json', 'drivers/drv_2614d918c73e.json', 'drivers/drv_3f4017b2b991.json', 'drivers/drv_f173d803cf3b.json', 'drivers/drv_036567795b89.json', 'drivers/drv_d231450c52ff.json', 'drivers/drv_b368f2218089.json', 'drivers/drv_d8820f43db2e.json', 'drivers/drv_81d1245803df.json', 'drivers/drv_85665b7a6e0f.json', 'drivers/drv_4b453d463202.json', 'drivers/drv_1c36c1b93b7c.json', 'drivers/drv_90c44fce3b4b.json', 'drivers/drv_75f9100be948.json', 'drivers/drv_3d06abdf89a9.json', 'drivers/drv_62daacd5be45.json', 'drivers/drv_c5c83d33bb48.json', 'drivers/drv_7f0a3c9666b1.json', 'drivers/drv_ee498adc114c.json', 'drivers/drv_44d32f576a90.json', 'drivers/drv_124205fa80e4.json', 'drivers/drv_54c5e7973dc9.json', 'drivers/drv_72a7c00e6ac6.json', 'drivers/drv_be747bd3872c.json', 'drivers/drv_b076838963ea.json', 'drivers/drv_f239a0d2b267.json', 'drivers/drv_ee6e688ee528.json', 'drivers/drv_c223500567f2.json', 'drivers/drv_23385a36634f.json', 'drivers/drv_273c8dd6e4f4.json', 'drivers/drv_b2ad38f9709b.json', 'drivers/drv_c6812e7cc606.json', 'drivers/drv_52baf301756f.json', 'drivers/drv_57190e65c2b8.json', 'drivers/drv_b173596acf53.json', 'drivers/drv_d38422cfa64f.json', 'drivers/drv_288a4303be72.json', 'drivers/drv_bea2d72fd04a.json', 'drivers/drv_2cf317be3e55.json', 'drivers/drv_902414d782f0.json', 'drivers/drv_192f506c3635.json', 'drivers/drv_15b5c8708a4e.json', 'drivers/drv_0d8a66cce921.json', 'drivers/drv_31970833b1bf.json', 'drivers/drv_a93130436bdc.json', 'drivers/drv_9662baea144d.json', 'drivers/drv_870fe4f49e3f.json', 'drivers/drv_9544a75da37c.json', 'drivers/drv_f0dc6f9febde.json', 'drivers/drv_414e8c3d0ed7.json', 'drivers/drv_9b86997c1a3d.json', 'drivers/drv_a27563079be8.json', 'drivers/drv_27b6867e953c.json', 'drivers/drv_ea69273518b6.json', 'drivers/drv_c37b2d458f6b.json', 'drivers/drv_b68e74ff964e.json', 'drivers/drv_7d4095c5c8b6.json', 'drivers/drv_cff138c7c5ce.json', 'drivers/drv_d6277d04c1a3.json', 'drivers/drv_5742864f20c6.json', 'drivers/drv_98009df141b2.json', 'drivers/drv_fdd9764c0660.json', 'drivers/drv_e64e5d39a9e5.json', 'drivers/drv_e9b337ab5a70.json', 'drivers/drv_288f3fe233e7.json', 'drivers/drv_45ea8435b66f.json', 'drivers/drv_a2595dfb03b1.json', 'drivers/drv_f179440c8e49.json', 'drivers/drv_911983f39d83.json', 'drivers/drv_1951e72c96c6.json', 'drivers/drv_7cb67586bf36.json', 'drivers/drv_4f93544a4fab.json', 'drivers/drv_94b43f8d7040.json', 'drivers/drv_63bacd05437a.json', 'drivers/drv_dc2eb622638a.json', 'drivers/drv_e373c2865650.json', 'drivers/drv_1860a30b17c1.json', 'drivers/drv_5e356acc8e51.json', 'drivers/drv_f45cfabb3887.json', 'drivers/drv_d20db015aa3e.json', 'drivers/drv_babfb40fd78b.json', 'drivers/drv_fea27da1fd3d.json', 'drivers/drv_7426f7ef2e87.json', 'drivers/drv_94fb6d5bf208.json', 'drivers/drv_d02815a7b821.json', 'drivers/drv_25ef697c2683.json', 'drivers/drv_f79f3ea15854.json', 'drivers/drv_beb2ff0fc3de.json', 'drivers/drv_042ecec8e4d7.json', 'drivers/drv_02af3819c13c.json', 'drivers/drv_945b3a6c05c2.json', 'drivers/drv_72ceb7d0a2d3.json', 'drivers/drv_5bad883937ed.json', 'drivers/drv_1f714472ce9b.json', 'drivers/drv_c5d9d6c83e45.json', 'drivers/drv_53ffe11be07c.json', 'drivers/drv_0433b2b53fcb.json', 'drivers/drv_3dd97c2c5405.json', 'drivers/drv_fe77ea412240.json', 'drivers/drv_941416356e56.json', 'drivers/drv_82c1f9312de2.json', 'drivers/drv_f5384a2969cd.json', 'drivers/drv_aa20d7844d9d.json', 'drivers/drv_650bdbc0cabd.json', 'drivers/drv_452383c11a67.json', 'drivers/drv_bea0e7a71f3d.json', 'drivers/drv_b68e2ad5c182.json', 'drivers/drv_71085e329e69.json', 'drivers/drv_75231fa96310.json', 'drivers/drv_0812f6534964.json', 'drivers/drv_6b1fe7d66c22.json', 'drivers/drv_d0fb475099cd.json', 'drivers/drv_7e82884c17eb.json', 'drivers/drv_7b5e7fb4abd9.json', 'drivers/drv_c23eb584f583.json', 'drivers/drv_0b2b1a600be9.json', 'drivers/drv_caacb449497a.json', 'drivers/drv_4b8243474fa8.json', 'drivers/drv_c26dcbdb7f34.json', 'drivers/drv_c469be3417d8.json', 'drivers/drv_2aed60d0a247.json', 'drivers/drv_f5c43ee80410.json', 'drivers/drv_8d91fb0ce0df.json', 'drivers/drv_a1fcc76fa2fd.json', 'drivers/drv_28152c3387e1.json', 'drivers/drv_25b5bb8694fd.json', 'drivers/drv_c89ae2c47d6a.json', 'drivers/drv_8be5a64f4e0c.json', 'drivers/drv_c95966a7e86c.json', 'drivers/drv_9e333db5c3d8.json', 'drivers/drv_2b09ae845429.json', 'drivers/drv_1f6c5a2303cf.json', 'drivers/drv_4cd6fd03cc1b.json', 'drivers/drv_0209ea718cf3.json', 'drivers/drv_3edd676d0e9d.json', 'drivers/drv_93c61a1a07c6.json', 'drivers/drv_97531df05ca3.json', 'drivers/drv_d92c375634e0.json', 'drivers/drv_54e019ea399d.json', 'drivers/drv_b75b9bed1e18.json', 'drivers/drv_d5aadd210680.json', 'drivers/drv_2d34ff7dcd2a.json', 'drivers/drv_302bc14a71f1.json', 'drivers/drv_459efd85c666.json', 'drivers/drv_05ae2da00817.json', 'drivers/drv_afbdd971307f.json', 'drivers/drv_91603e7977f4.json', 'drivers/drv_3087fa252a38.json', 'drivers/drv_697cf8978bd7.json', 'drivers/drv_1ae12e559ca2.json', 'drivers/drv_9e69ca21fd80.json', 'drivers/drv_b4e4db7bbe2e.json', 'drivers/drv_b73709ad148f.json', 'drivers/drv_6b91490a2d23.json', 'drivers/drv_2dd658f1c4d8.json', 'drivers/drv_536eefaf37bb.json', 'drivers/drv_14e0810be031.json', 'drivers/drv_6d1817336ca9.json', 'drivers/drv_fd07fcdd8c44.json', 'drivers/drv_aed30eb6425a.json', 'drivers/drv_990fd892ee14.json', 'drivers/drv_8a79b5fa7a78.json', 'drivers/drv_8488e4d830fd.json', 'drivers/drv_2126d792ca30.json', 'drivers/drv_8c252a39eb9d.json', 'drivers/drv_597f99a8fb90.json', 'drivers/drv_66a763907337.json', 'drivers/drv_e8ee80d52147.json', 'drivers/drv_76f2f4181062.json', 'drivers/drv_21d9665a4e48.json', 'drivers/drv_de45e45e64c1.json', 'drivers/drv_fb7c03fcf4ea.json', 'drivers/drv_66459f4068bb.json', 'drivers/drv_8d2f22c07f5a.json', 'drivers/drv_c1fd3c610260.json', 'drivers/drv_df9cc1ea3479.json', 'drivers/drv_d13f0437846b.json', 'drivers/drv_b902744d58f9.json', 'drivers/drv_fdd796d5396c.json', 'drivers/drv_f20105112b73.json', 'drivers/drv_8b1334399ae9.json', 'drivers/drv_34eeb3308bea.json', 'drivers/drv_b5968d7d550e.json', 'drivers/drv_aecad15ffbb9.json', 'drivers/drv_7152fa3d4740.json', 'drivers/drv_c5a7c3df33b0.json', 'drivers/drv_158de32b819c.json', 'drivers/drv_ba4c7abf2d14.json', 'drivers/drv_965f9f2b21ca.json', 'drivers/drv_e8c3a4c66ea3.json', 'drivers/drv_c43c6b761dc4.json', 'drivers/drv_749babe92eb4.json', 'drivers/drv_0c9311a72c99.json', 'drivers/drv_95858b23d5e5.json', 'drivers/drv_9da025a0317c.json', 'drivers/drv_208a87eea0b5.json', 'drivers/drv_07f50324c103.json', 'drivers/drv_596371962f7b.json', 'drivers/drv_25a9b9610438.json', 'drivers/drv_7bb86442b60e.json', 'drivers/drv_ca40c7db83d0.json', 'drivers/drv_8e68c7ca7bdb.json', 'drivers/drv_2fd413a7cd08.json', 'drivers/drv_fb40820c69c0.json', 'drivers/drv_2b742db43f93.json', 'drivers/drv_219ca02869a8.json', 'drivers/drv_d4531c03ae0f.json', 'drivers/drv_87ac0769422a.json', 'drivers/drv_5cb11a4d6a21.json', 'drivers/drv_5c3a509eff8d.json', 'drivers/drv_9a642f468a25.json', 'drivers/drv_e9def4a5836d.json', 'drivers/drv_1b51d44771f8.json', 'drivers/drv_7e0357e67f14.json', 'drivers/drv_f8a61ee9cbca.json', 'drivers/drv_afc7ed087a6f.json', 'drivers/drv_f3222051d293.json', 'drivers/drv_ddf5dead4d79.json', 'drivers/drv_61431288595b.json', 'drivers/drv_a9e5cbd3126e.json', 'drivers/drv_a79c52f31d2b.json', 'drivers/drv_d759536b803d.json', 'drivers/drv_a4a8e0562709.json', 'drivers/drv_38e91f7f87c9.json', 'drivers/drv_511c454d1b5a.json', 'drivers/drv_30bdf31a76d2.json', 'drivers/drv_d6e4d6fcd760.json', 'drivers/drv_d50f87e0afee.json', 'drivers/drv_6e7ee78423b0.json', 'drivers/drv_8572ce26402e.json', 'drivers/drv_9ca5ed229ba2.json', 'drivers/drv_eff46369b24c.json', 'drivers/drv_d06e7c8199a6.json', 'drivers/drv_30a182a7a79a.json', 'drivers/drv_9efb2839d13c.json', 'drivers/drv_908f04255282.json', 'drivers/drv_8af323690d76.json', 'drivers/drv_7e54b44d3a01.json', 'drivers/drv_6fd595caba96.json', 'drivers/drv_ecfba9e6e9c5.json', 'drivers/drv_206a3acfb5a3.json', 'drivers/drv_2e1714742f1e.json', 'drivers/drv_9dbd543518d4.json', 'drivers/drv_82be675aa2f1.json', 'drivers/drv_1cb92c95cb3e.json', 'drivers/drv_fb81524426bf.json', 'drivers/drv_83e926ac31ca.json', 'drivers/drv_c8a89c8a41e6.json', 'drivers/drv_ac2c72830907.json', 'drivers/drv_a2e54bfc23d4.json', 'drivers/drv_0d4c3c0b343c.json', 'drivers/drv_d3a35899e8a4.json', 'drivers/drv_972cdc8fe990.json', 'drivers/drv_332460a6f7e7.json', 'drivers/drv_fd9506d563d3.json', 'drivers/drv_83e9b3db6426.json', 'drivers/drv_e6eb892a4632.json', 'drivers/drv_ab8966b5c0b1.json', 'drivers/drv_a94b7862ef5f.json', 'drivers/drv_b5fce5b84aa7.json', 'drivers/drv_875757b9d630.json', 'drivers/drv_3486552b4157.json', 'drivers/drv_f4e6928a570e.json', 'drivers/drv_8dd84865911c.json', 'drivers/drv_2a535a9e67c0.json', 'drivers/drv_6c362b5ba38b.json', 'drivers/drv_440d16e00dad.json', 'drivers/drv_dc017f65b59d.json', 'drivers/drv_2d743b77f22c.json', 'drivers/drv_f177901c7983.json', 'drivers/drv_0cdea701afd1.json', 'drivers/drv_6ebe4edcd33e.json', 'drivers/drv_895ebbdffbab.json', 'drivers/drv_7bbe53c2a537.json', 'drivers/drv_7012da61b281.json', 'drivers/drv_5c88911f91ea.json', 'drivers/drv_711a48794e6a.json', 'drivers/drv_7652aa660522.json', 'drivers/drv_9868b37b0718.json', 'drivers/drv_bbff59f1246f.json', 'drivers/drv_6a25db48d5d0.json', 'drivers/drv_c1f408185be5.json', 'drivers/drv_1bce2ac97374.json', 'drivers/drv_d8053c2c3ee0.json', 'drivers/drv_397fceb0dcf7.json', 'drivers/drv_ab11d59801c7.json', 'drivers/drv_695d8463170d.json', 'drivers/drv_ec96338f8077.json', 'drivers/drv_96bcd34cdc7b.json', 'drivers/drv_732d72033ef3.json', 'drivers/drv_26914987c389.json', 'drivers/drv_4b3a4c7292be.json', 'drivers/drv_0558071a3f0d.json', 'drivers/drv_e5464286c681.json', 'drivers/drv_1bd22c294e60.json', 'drivers/drv_145b15986b93.json', 'drivers/drv_e13f3673becc.json', 'drivers/drv_56d3a6a854e8.json', 'drivers/drv_42674a10897e.json', 'drivers/drv_37bb01e653af.json', 'drivers/drv_8be3cbafd0c2.json', 'drivers/drv_edd6fbc03e29.json', 'drivers/drv_bfb8332ebe57.json', 'drivers/drv_cd2c3c0db151.json', 'drivers/drv_b8165966cf0c.json', 'drivers/drv_7a5fd6cccda6.json', 'drivers/drv_6339dad61fb0.json', 'drivers/drv_1ab1b9b82214.json', 'drivers/drv_c9f359d4c4da.json', 'drivers/drv_8bd8512be47b.json', 'drivers/drv_da177472dc6f.json', 'drivers/drv_0f872eecda0c.json', 'drivers/drv_2dbef966bb98.json', 'drivers/drv_5975c0dcaa57.json', 'drivers/drv_e6b033641832.json', 'drivers/drv_4dbbab27f907.json', 'drivers/drv_2c5d7b5cddc8.json', 'drivers/drv_a811f9afe4a5.json', 'drivers/drv_a190f9376d63.json', 'drivers/drv_e3a55b7a24b9.json', 'drivers/drv_6b05db8f3e19.json', 'drivers/drv_b012b29252c5.json', 'drivers/drv_6cb2eb286095.json', 'drivers/drv_7080fe70e1bc.json', 'drivers/drv_109fbd99c36c.json', 'drivers/drv_9fc24c0a3179.json', 'drivers/drv_353514065440.json', 'drivers/drv_35168b94e30d.json', 'drivers/drv_10a5c446f31f.json', 'drivers/drv_192c652ccfbd.json', 'drivers/drv_0ae2050b8af2.json', 'drivers/drv_6c1191f7d4f7.json', 'drivers/drv_648fe6a15d54.json', 'drivers/drv_6b09e58f1dba.json', 'drivers/drv_96147cdaebd5.json', 'drivers/drv_017f17587989.json', 'drivers/drv_73f60fcd8683.json', 'drivers/drv_6af28502ba97.json', 'drivers/drv_261598257952.json', 'drivers/drv_73a4eb2972f0.json', 'drivers/drv_ad1084abd66f.json', 'drivers/drv_9b3d24a1b6f7.json', 'drivers/drv_7b15df532fdf.json', 'drivers/drv_c7339ad1b338.json', 'drivers/drv_cdfd9fefcb1a.json', 'drivers/drv_0966bab8ffd1.json', 'drivers/drv_3d538b100ecd.json', 'drivers/drv_1fae8d140e0a.json', 'drivers/drv_46f3c14e4ea0.json', 'drivers/drv_4a7f18ec0900.json', 'drivers/drv_419b52ea6b83.json', 'drivers/drv_31d0589c204c.json', 'drivers/drv_45bad853e3b0.json', 'drivers/drv_cfadf62371cc.json', 'drivers/drv_97bf7868d076.json', 'drivers/drv_dc7b6963f442.json', 'drivers/drv_efceece95b77.json', 'drivers/drv_442e71f8ce22.json', 'drivers/drv_f3fbf6f409f6.json', 'drivers/drv_8719599bad43.json', 'drivers/drv_6664cb369f3f.json', 'drivers/drv_23f35e3d9771.json', 'drivers/drv_638bd46dafaa.json', 'drivers/drv_937209301ef2.json', 'drivers/drv_0b938f7e419f.json', 'drivers/drv_b54e4eb62ba0.json', 'drivers/drv_c2f8177bf4b9.json', 'drivers/drv_a2f8a8cb67dd.json', 'drivers/drv_cdebb0c5e46c.json', 'drivers/drv_51f0e8c732f2.json', 'drivers/drv_558ae2eb7546.json', 'drivers/drv_fd00f76750a8.json', 'drivers/drv_5cfe6098925e.json', 'drivers/drv_bf00ba943d67.json', 'drivers/drv_fa53af280adc.json', 'drivers/drv_80f90ec0e832.json', 'drivers/drv_447f7718a8cb.json', 'drivers/drv_fde54784015f.json', 'drivers/drv_3a2c4d7683e7.json', 'drivers/drv_caa70b2a06ac.json', 'drivers/drv_f3770407d619.json', 'drivers/drv_2e5ec3972cc6.json', 'drivers/drv_b8e8dfd23ca9.json', 'drivers/drv_3d5340e2bd69.json', 'drivers/drv_109c366e1612.json', 'drivers/drv_8fae92cf442e.json', 'drivers/drv_5b84f8107dc1.json', 'drivers/drv_f747f9066373.json', 'drivers/drv_768abe2837fd.json', 'drivers/drv_5db00e1fff88.json', 'drivers/drv_f9e378312d9f.json', 'drivers/drv_4117a2a39284.json', 'drivers/drv_278f7d911f68.json', 'drivers/drv_23623a3b4135.json', 'drivers/drv_29c3a5070792.json', 'drivers/drv_c8100cba8004.json', 'drivers/drv_71f5e29ee9e9.json', 'drivers/drv_2c8d77ead49e.json', 'drivers/drv_d10f875c4319.json', 'drivers/drv_da22cc923ce7.json', 'drivers/drv_ac1200292781.json', 'drivers/drv_0cb8fce96461.json', 'drivers/drv_1810223dcf5c.json', 'drivers/drv_2fa16ae80e0c.json', 'drivers/drv_b372ffce30e0.json', 'drivers/drv_1ff30fba6720.json', 'drivers/drv_653479a79b65.json', 'drivers/drv_2008a3f40692.json', 'drivers/drv_e5f34cc086ae.json', 'drivers/drv_80e3582b50ea.json']
2026-03-18 21:28:39,578 [INFO] Publishing updated snapshot to Git...
2026-03-18 21:28:52,618 [INFO] GitHub Pages update pushed successfully.
2026-03-18 21:32:19,898 [INFO] Starting incremental update from 0 new result files.
2026-03-18 21:32:21,360 [INFO] Drivers in leaderboard: 1505
2026-03-18 21:32:21,360 [INFO] Drivers in bestlaps: 1097
2026-03-18 21:32:21,361 [INFO] Races in archive: 123
2026-03-18 21:32:21,361 [INFO] Cars in archive: 26
2026-03-18 21:32:21,361 [INFO] Driver profiles: 1505
2026-03-18 21:32:21,362 [INFO] Safety rows: 168
2026-03-18 21:32:21,362 [INFO] Online day rows: 6
2026-03-18 21:32:21,362 [INFO] Server status: online (25 players)
2026-03-18 21:32:21,362 [INFO] Changed public files: ['snapshot.json']
2026-03-18 21:32:21,362 [INFO] Publishing updated snapshot to Git...
2026-03-18 21:32:23,552 [INFO] GitHub Pages update pushed successfully.
2026-03-18 21:42:19,909 [INFO] Starting incremental update from 1 new result files.
2026-03-18 21:42:19,911 [INFO] Processing 260318_213553_Q.json
2026-03-18 21:42:21,383 [INFO] Drivers in leaderboard: 1510
2026-03-18 21:42:21,384 [INFO] Drivers in bestlaps: 1106
2026-03-18 21:42:21,384 [INFO] Races in archive: 123
2026-03-18 21:42:21,384 [INFO] Cars in archive: 26
2026-03-18 21:42:21,384 [INFO] Driver profiles: 1510
2026-03-18 21:42:21,384 [INFO] Safety rows: 168
2026-03-18 21:42:21,384 [INFO] Online day rows: 6
2026-03-18 21:42:21,385 [INFO] Server status: online (23 players)
2026-03-18 21:42:21,385 [INFO] Changed public files: ['snapshot.json', 'drivers/drivers.json', 'drivers/drv_d3567754cb6d.json', 'drivers/drv_21ebf3c97c6b.json', 'drivers/drv_2d34ff7dcd2a.json', 'drivers/drv_2fa16ae80e0c.json', 'drivers/drv_b372ffce30e0.json', 'drivers/drv_653479a79b65.json', 'drivers/drv_2008a3f40692.json', 'drivers/drv_80e3582b50ea.json', 'drivers/drv_ceb3951ce02a.json', 'drivers/drv_4ebcfb22e6e1.json', 'drivers/drv_ad8d582375a4.json', 'drivers/drv_55645c1909d0.json', 'drivers/drv_2c5a43f26ba8.json']
2026-03-18 21:42:21,385 [INFO] Publishing updated snapshot to Git...
2026-03-18 21:42:23,823 [INFO] GitHub Pages update pushed successfully.
